<?xml version="1.0" encoding="UTF-8"?>
<!-- Generated by org.testng.reporters.JUnitReportReporter -->
<testsuite hostname="Rohit" failures="0" tests="1" name="encryption.API_EncodeTest" time="5.994" errors="0" timestamp="2024-09-19T22:45:05 IST" skipped="0">
  <testcase classname="encryption.API_EncodeTest" name="sampleTest" time="5.994"/>
  <system-out/>
</testsuite> <!-- encryption.API_EncodeTest -->
