<?xml version="1.0" encoding="UTF-8"?>
<!-- Generated by org.testng.reporters.JUnitReportReporter -->
<testsuite hostname="Rohit" failures="0" tests="1" name="miscellaneous_topics.DataMasking" time="5.339" errors="0" timestamp="2024-09-24T17:42:20 IST" skipped="0">
  <testcase classname="miscellaneous_topics.DataMasking" name="sampleTest" time="5.339"/>
  <system-out/>
</testsuite> <!-- miscellaneous_topics.DataMasking -->
