<?xml version="1.0" encoding="UTF-8"?>
<!-- Generated by org.testng.reporters.JUnitReportReporter -->
<testsuite hostname="Rohit" failures="0" tests="1" name="auth_test.DigestiveAuthTest" time="6.404" errors="0" timestamp="2024-09-17T15:41:42 IST" skipped="0">
  <testcase classname="auth_test.DigestiveAuthTest" name="sampleTest" time="6.404"/>
  <system-out/>
</testsuite> <!-- auth_test.DigestiveAuthTest -->
