<?xml version="1.0" encoding="UTF-8"?>
<!-- Generated by org.testng.reporters.JUnitReportReporter -->
<testsuite hostname="Rohit" failures="0" tests="1" name="com.sample.crud.withoutbdd.SampleTestForCompleteUpdateTest" time="4.549" errors="0" timestamp="2024-09-07T11:52:39 IST" skipped="0">
  <testcase classname="com.sample.crud.withoutbdd.SampleTestForCompleteUpdateTest" name="putDataToServerTest" time="4.549"/>
  <system-out/>
</testsuite> <!-- com.sample.crud.withoutbdd.SampleTestForCompleteUpdateTest -->
