<?xml version="1.0" encoding="UTF-8"?>
<!-- Generated by org.testng.reporters.JUnitReportReporter -->
<testsuite hostname="Rohit" failures="0" tests="1" name="requestchaining.Scenario_1_DeleteProject" time="6.383" errors="0" timestamp="2024-09-11T17:28:53 IST" skipped="0">
  <testcase classname="requestchaining.Scenario_1_DeleteProject" name="postDataToServerTest" time="6.383"/>
  <system-out/>
</testsuite> <!-- requestchaining.Scenario_1_DeleteProject -->
