<?xml version="1.0" encoding="UTF-8"?>
<!-- Generated by org.testng.reporters.JUnitReportReporter -->
<testsuite hostname="Rohit" failures="0" tests="1" name="encryption.EncodingAndDecodingTest" time="0.024" errors="0" timestamp="2024-09-19T22:49:32 IST" skipped="0">
  <testcase classname="encryption.EncodingAndDecodingTest" name="sampleTest" time="0.024"/>
  <system-out/>
</testsuite> <!-- encryption.EncodingAndDecodingTest -->
