<?xml version="1.0" encoding="UTF-8"?>
<!-- Generated by org.testng.reporters.JUnitReportReporter -->
<testsuite hostname="Rohit" failures="0" tests="1" name="practice.post_request_types.PostRequestViaJsonObject" time="4.727" errors="0" timestamp="2024-09-10T17:52:10 IST" skipped="0">
  <testcase classname="practice.post_request_types.PostRequestViaJsonObject" name="postDataToServerTest" time="4.727"/>
  <system-out/>
</testsuite> <!-- practice.post_request_types.PostRequestViaJsonObject -->
