<?xml version="1.0" encoding="UTF-8"?>
<!-- Generated by org.testng.reporters.JUnitReportReporter -->
<testsuite hostname="Rohit" failures="0" tests="1" name="parameter_types.PathParameterTest" time="7.333" errors="0" timestamp="2024-09-19T23:06:41 IST" skipped="0">
  <testcase classname="parameter_types.PathParameterTest" name="sampleTest" time="7.333"/>
  <system-out/>
</testsuite> <!-- parameter_types.PathParameterTest -->
