<?xml version="1.0" encoding="UTF-8"?>
<!-- Generated by org.testng.reporters.JUnitReportReporter -->
<testsuite hostname="Rohit" failures="0" tests="1" name="com.sample.crud.withbdd.SampleTestForPartialUpdateTest" time="4.609" errors="0" timestamp="2024-09-07T13:12:25 IST" skipped="0">
  <testcase classname="com.sample.crud.withbdd.SampleTestForPartialUpdateTest" name="putDataToServer" time="4.609"/>
  <system-out/>
</testsuite> <!-- com.sample.crud.withbdd.SampleTestForPartialUpdateTest -->
