<?xml version="1.0" encoding="UTF-8"?>
<!-- Generated by org.testng.reporters.JUnitReportReporter -->
<testsuite hostname="Rohit" failures="0" tests="1" name="miscellaneous_topics.JsonSchemaValidation" time="5.809" errors="0" timestamp="2024-09-23T12:23:23 IST" skipped="0">
  <testcase classname="miscellaneous_topics.JsonSchemaValidation" name="postDataToServerTest" time="5.809"/>
  <system-out/>
</testsuite> <!-- miscellaneous_topics.JsonSchemaValidation -->
