<?xml version="1.0" encoding="UTF-8"?>
<!-- Generated by org.testng.reporters.JUnitReportReporter -->
<testsuite hostname="Rohit" failures="0" tests="1" name="parameter_types.FormParameterTest" time="4.372" errors="0" timestamp="2024-09-22T14:27:38 IST" skipped="0">
  <testcase classname="parameter_types.FormParameterTest" name="sampleTest" time="4.372"/>
  <system-out/>
</testsuite> <!-- parameter_types.FormParameterTest -->
