<?xml version="1.0" encoding="UTF-8"?>
<!-- Generated by org.testng.reporters.JUnitReportReporter -->
<testsuite hostname="Rohit" failures="0" tests="1" name="practice.VerifyResponseHeader" time="5.347" errors="0" timestamp="2024-09-11T11:17:40 IST" skipped="0">
  <testcase classname="practice.VerifyResponseHeader" name="verifyHeaderTest" time="5.347"/>
  <system-out/>
</testsuite> <!-- practice.VerifyResponseHeader -->
