<?xml version="1.0" encoding="UTF-8"?>
<!-- Generated by org.testng.reporters.JUnitReportReporter -->
<testsuite hostname="Rohit" failures="0" tests="1" name="encryption.AES_EncryptTest" time="0.178" errors="0" timestamp="2024-09-19T22:49:57 IST" skipped="0">
  <testcase classname="encryption.AES_EncryptTest" name="sampleTest" time="0.178"/>
  <system-out/>
</testsuite> <!-- encryption.AES_EncryptTest -->
