<?xml version="1.0" encoding="UTF-8"?>
<!-- Generated by org.testng.reporters.JUnitReportReporter -->
<testsuite hostname="Rohit" failures="0" tests="1" name="mocking_solution.CreditCardPaymentTest" time="6.857" errors="0" timestamp="2024-09-17T21:19:10 IST" skipped="0">
  <testcase classname="mocking_solution.CreditCardPaymentTest" name="sampleTest" time="6.857"/>
  <system-out/>
</testsuite> <!-- mocking_solution.CreditCardPaymentTest -->
