<?xml version="1.0" encoding="UTF-8"?>
<!-- Generated by org.testng.reporters.JUnitReportReporter -->
<testsuite hostname="Rohit" failures="0" tests="11" name="datadriventesting.AddMultipleProjectTest" time="6.499" errors="0" timestamp="2024-09-13T17:10:58 IST" skipped="0">
  <testcase classname="datadriventesting.AddMultipleProjectTest" name="sampleTest" time="0.275"/>
  <system-out/>
  <testcase classname="datadriventesting.AddMultipleProjectTest" name="sampleTest" time="0.070"/>
  <system-out/>
  <testcase classname="datadriventesting.AddMultipleProjectTest" name="sampleTest" time="0.218"/>
  <system-out/>
  <testcase classname="datadriventesting.AddMultipleProjectTest" name="sampleTest" time="4.561"/>
  <system-out/>
  <testcase classname="datadriventesting.AddMultipleProjectTest" name="sampleTest" time="0.179"/>
  <system-out/>
  <testcase classname="datadriventesting.AddMultipleProjectTest" name="sampleTest" time="0.229"/>
  <system-out/>
  <testcase classname="datadriventesting.AddMultipleProjectTest" name="sampleTest" time="0.066"/>
  <system-out/>
  <testcase classname="datadriventesting.AddMultipleProjectTest" name="sampleTest" time="0.286"/>
  <system-out/>
  <testcase classname="datadriventesting.AddMultipleProjectTest" name="sampleTest" time="0.132"/>
  <system-out/>
  <testcase classname="datadriventesting.AddMultipleProjectTest" name="sampleTest" time="0.189"/>
  <system-out/>
  <testcase classname="datadriventesting.AddMultipleProjectTest" name="sampleTest" time="0.294"/>
  <system-out/>
</testsuite> <!-- datadriventesting.AddMultipleProjectTest -->
