<?xml version="1.0" encoding="UTF-8"?>
<!-- Generated by org.testng.reporters.JUnitReportReporter -->
<testsuite hostname="Rohit" failures="0" tests="1" name="practice.post_request_types.PostRequestViaHashMapTest" time="5.660" errors="0" timestamp="2024-09-10T17:57:35 IST" skipped="0">
  <testcase classname="practice.post_request_types.PostRequestViaHashMapTest" name="postDataToServerTest" time="5.660"/>
  <system-out/>
</testsuite> <!-- practice.post_request_types.PostRequestViaHashMapTest -->
