<?xml version="1.0" encoding="UTF-8"?>
<!-- Generated by org.testng.reporters.JUnitReportReporter -->
<testsuite hostname="Rohit" failures="0" tests="1" name="com.sample.crud.withoutbdd.SampleTestForDeleteTest" time="4.253" errors="0" timestamp="2024-09-07T12:04:43 IST" skipped="0">
  <testcase classname="com.sample.crud.withoutbdd.SampleTestForDeleteTest" name="deleteDataFromServerTest" time="4.253"/>
  <system-out/>
</testsuite> <!-- com.sample.crud.withoutbdd.SampleTestForDeleteTest -->
