<?xml version="1.0" encoding="UTF-8"?>
<!-- Generated by org.testng.reporters.JUnitReportReporter -->
<testsuite hostname="Rohit" failures="0" tests="1" name="auth_test.PreemptiveAuthTest" time="5.598" errors="0" timestamp="2024-09-19T22:54:23 IST" skipped="0">
  <testcase classname="auth_test.PreemptiveAuthTest" name="sampleTest" time="5.598"/>
  <system-out/>
</testsuite> <!-- auth_test.PreemptiveAuthTest -->
