<?xml version="1.0" encoding="UTF-8"?>
<!-- Generated by org.testng.reporters.JUnitReportReporter -->
<testsuite hostname="Rohit" failures="0" tests="1" name="practice.SampleTestUsingMethodChainingTest" time="8.487" errors="0" timestamp="2024-09-11T11:01:42 IST" skipped="0">
  <testcase classname="practice.SampleTestUsingMethodChainingTest" name="getRequestTest" time="8.487"/>
  <system-out/>
</testsuite> <!-- practice.SampleTestUsingMethodChainingTest -->
