<?xml version="1.0" encoding="UTF-8"?>
<!-- Generated by org.testng.reporters.JUnitReportReporter -->
<testsuite hostname="Rohit" failures="0" tests="1" name="parameter_types.QueryParameterTest" time="3.966" errors="0" timestamp="2024-09-22T14:10:01 IST" skipped="0">
  <testcase classname="parameter_types.QueryParameterTest" name="sampleTest" time="3.966"/>
  <system-out/>
</testsuite> <!-- parameter_types.QueryParameterTest -->
