<?xml version="1.0" encoding="UTF-8"?>
<!-- Generated by org.testng.reporters.JUnitReportReporter -->
<testsuite hostname="Rohit" failures="0" tests="1" name="practice.post_request_types.PostRequestViaJsonObjectTest" time="5.424" errors="0" timestamp="2024-09-11T12:44:19 IST" skipped="0">
  <testcase classname="practice.post_request_types.PostRequestViaJsonObjectTest" name="postDataToServerTest" time="5.424"/>
  <system-out/>
</testsuite> <!-- practice.post_request_types.PostRequestViaJsonObjectTest -->
