<?xml version="1.0" encoding="UTF-8"?>
<!-- Generated by org.testng.reporters.JUnitReportReporter -->
<testsuite hostname="Rohit" failures="0" tests="1" name="com.sample.crud.withbdd.SampleTestForReadTest" time="7.304" errors="0" timestamp="2024-09-09T16:39:43 IST" skipped="0">
  <testcase classname="com.sample.crud.withbdd.SampleTestForReadTest" name="getDataFromServerTest" time="7.304"/>
  <system-out/>
</testsuite> <!-- com.sample.crud.withbdd.SampleTestForReadTest -->
