<?xml version="1.0" encoding="UTF-8"?>
<!-- Generated by org.testng.reporters.JUnitReportReporter -->
<testsuite hostname="Rohit" failures="0" tests="1" name="practice.SampleTest" time="6.512" errors="0" timestamp="2024-09-22T15:09:45 IST" skipped="0">
  <testcase classname="practice.SampleTest" name="samplePostRequestTest" time="6.512"/>
  <system-out/>
</testsuite> <!-- practice.SampleTest -->
