<?xml version="1.0" encoding="UTF-8"?>
<!-- Generated by org.testng.reporters.JUnitReportReporter -->
<testsuite hostname="Rohit" failures="0" tests="1" name="cookies.PassingCookies" time="6.519" errors="0" timestamp="2024-10-01T14:50:24 IST" skipped="0">
  <testcase classname="cookies.PassingCookies" name="singleCookie" time="6.519"/>
  <system-out/>
</testsuite> <!-- cookies.PassingCookies -->
