<?xml version="1.0" encoding="UTF-8"?>
<!-- Generated by org.testng.reporters.JUnitReportReporter -->
<testsuite hostname="Rohit" failures="0" tests="1" name="com.sample.crud.withbdd.SampleTestForDeleteTest" time="4.311" errors="0" timestamp="2024-09-07T13:20:40 IST" skipped="0">
  <testcase classname="com.sample.crud.withbdd.SampleTestForDeleteTest" name="deleteDataFromServer" time="4.311"/>
  <system-out/>
</testsuite> <!-- com.sample.crud.withbdd.SampleTestForDeleteTest -->
