<?xml version="1.0" encoding="UTF-8"?>
<!-- Generated by org.testng.reporters.JUnitReportReporter -->
<testsuite hostname="Rohit" failures="0" tests="1" name="com.sample.crud.withbdd.SampleTestForCompleteUpdateTest" time="4.757" errors="0" timestamp="2024-09-07T13:19:34 IST" skipped="0">
  <testcase classname="com.sample.crud.withbdd.SampleTestForCompleteUpdateTest" name="putDataToServer" time="4.757"/>
  <system-out/>
</testsuite> <!-- com.sample.crud.withbdd.SampleTestForCompleteUpdateTest -->
