<?xml version="1.0" encoding="UTF-8"?>
<!-- Generated by org.testng.reporters.JUnitReportReporter -->
<testsuite hostname="Rohit" failures="0" tests="1" name="requestchaining.Scenario_4_CreateOrderWithPaymentNimbbl" time="12.122" errors="0" timestamp="2024-09-14T15:37:33 IST" skipped="0">
  <testcase classname="requestchaining.Scenario_4_CreateOrderWithPaymentNimbbl" name="sampleTest" time="12.122"/>
  <system-out/>
</testsuite> <!-- requestchaining.Scenario_4_CreateOrderWithPaymentNimbbl -->
