<?xml version="1.0" encoding="UTF-8"?>
<!-- Generated by org.testng.reporters.JUnitReportReporter -->
<testsuite hostname="Rohit" failures="0" tests="1" name="auth_test.BasicAuthTest" time="7.013" errors="0" timestamp="2024-09-17T15:47:07 IST" skipped="0">
  <testcase classname="auth_test.BasicAuthTest" name="sampleTest" time="7.013"/>
  <system-out/>
</testsuite> <!-- auth_test.BasicAuthTest -->
