<?xml version="1.0" encoding="UTF-8"?>
<!-- Generated by org.testng.reporters.JUnitReportReporter -->
<testsuite hostname="Rohit" failures="0" tests="1" name="practice.responsevalidation.VerifyData_ComplexJsonXpath" time="5.645" errors="0" timestamp="2024-10-29T14:34:04 IST" skipped="0">
  <testcase classname="practice.responsevalidation.VerifyData_ComplexJsonXpath" name="sampleTest" time="5.645"/>
  <system-out/>
</testsuite> <!-- practice.responsevalidation.VerifyData_ComplexJsonXpath -->
