<?xml version="1.0" encoding="UTF-8"?>
<!-- Generated by org.testng.reporters.JUnitReportReporter -->
<testsuite hostname="Rohit" failures="0" tests="1" name="encryption.UpdatePayInfoViaAESEncryption" time="5.883" errors="0" timestamp="2024-09-13T21:52:25 IST" skipped="0">
  <testcase classname="encryption.UpdatePayInfoViaAESEncryption" name="sampleTest" time="5.883"/>
  <system-out/>
</testsuite> <!-- encryption.UpdatePayInfoViaAESEncryption -->
