<?xml version="1.0" encoding="UTF-8"?>
<!-- Generated by org.testng.reporters.JUnitReportReporter -->
<testsuite hostname="Rohit" failures="0" tests="1" name="parameter_types.ParamParameterTest" time="5.652" errors="0" timestamp="2024-09-22T14:28:17 IST" skipped="0">
  <testcase classname="parameter_types.ParamParameterTest" name="sampleTest" time="5.652"/>
  <system-out/>
</testsuite> <!-- parameter_types.ParamParameterTest -->
