<?xml version="1.0" encoding="UTF-8"?>
<!-- Generated by org.testng.reporters.JUnitReportReporter -->
<testsuite hostname="Rohit" failures="0" tests="1" name="practice.responsevalidation.VerifyResponseHeaderTest" time="6.908" errors="0" timestamp="2024-09-23T16:05:00 IST" skipped="0">
  <testcase classname="practice.responsevalidation.VerifyResponseHeaderTest" name="verifyHeader" time="6.908"/>
  <system-out/>
</testsuite> <!-- practice.responsevalidation.VerifyResponseHeaderTest -->
