<?xml version="1.0" encoding="UTF-8"?>
<!-- Generated by org.testng.reporters.JUnitReportReporter -->
<testsuite hostname="Rohit" failures="0" tests="1" name="requestchaining.Scenario_2_AddEmployeeToProject" time="10.238" errors="0" timestamp="2024-09-18T12:57:32 IST" skipped="0">
  <testcase classname="requestchaining.Scenario_2_AddEmployeeToProject" name="sampleTest" time="10.238"/>
  <system-out/>
</testsuite> <!-- requestchaining.Scenario_2_AddEmployeeToProject -->
