<?xml version="1.0" encoding="UTF-8"?>
<!-- Generated by org.testng.reporters.JUnitReportReporter -->
<testsuite hostname="Rohit" failures="0" tests="1" name="auth_test.BearerTokenAuthTest" time="6.019" errors="0" timestamp="2024-09-17T15:45:27 IST" skipped="0">
  <testcase classname="auth_test.BearerTokenAuthTest" name="sampleTest" time="6.019"/>
  <system-out/>
</testsuite> <!-- auth_test.BearerTokenAuthTest -->
