<?xml version="1.0" encoding="UTF-8"?>
<!-- Generated by org.testng.reporters.JUnitReportReporter -->
<testsuite hostname="Rohit" failures="0" tests="1" name="com.sample.crud.withoutbdd.SampleTestForPartialUpdateTest" time="5.042" errors="0" timestamp="2024-09-07T13:20:17 IST" skipped="0">
  <testcase classname="com.sample.crud.withoutbdd.SampleTestForPartialUpdateTest" name="putDataToServer" time="5.042"/>
  <system-out/>
</testsuite> <!-- com.sample.crud.withoutbdd.SampleTestForPartialUpdateTest -->
