<?xml version="1.0" encoding="UTF-8"?>
<!-- Generated by org.testng.reporters.JUnitReportReporter -->
<testsuite hostname="Rohit" failures="0" tests="1" name="com.sample.crud.withoutbdd.SampleTestForCreateTest" time="12.276" errors="0" timestamp="2024-09-07T13:17:41 IST" skipped="0">
  <testcase classname="com.sample.crud.withoutbdd.SampleTestForCreateTest" name="postDataToServerTest" time="12.276"/>
  <system-out/>
</testsuite> <!-- com.sample.crud.withoutbdd.SampleTestForCreateTest -->
