<?xml version="1.0" encoding="UTF-8"?>
<!-- Generated by org.testng.reporters.JUnitReportReporter -->
<testsuite hostname="Rohit" failures="0" tests="1" name="com.sample.crud.withbdd.SampleTestForCreateTest" time="12.741" errors="0" timestamp="2024-09-09T16:55:24 IST" skipped="0">
  <testcase classname="com.sample.crud.withbdd.SampleTestForCreateTest" name="postDataToServerTest" time="12.741"/>
  <system-out/>
</testsuite> <!-- com.sample.crud.withbdd.SampleTestForCreateTest -->
