<?xml version="1.0" encoding="UTF-8"?>
<!-- Generated by org.testng.reporters.JUnitReportReporter -->
<testsuite hostname="Rohit" failures="0" tests="1" name="practice.SampleTest" time="93.321" errors="0" timestamp="2024-09-05T22:11:33 IST" skipped="0">
  <testcase classname="practice.SampleTest" name="sampleGetReqTest" time="93.321"/>
  <system-out/>
</testsuite> <!-- practice.SampleTest -->
