<?xml version="1.0" encoding="UTF-8"?>
<!-- Generated by org.testng.reporters.JUnitReportReporter -->
<testsuite hostname="Rohit" failures="0" tests="1" name="practice.post_request_types.PostRequestViaJsonFile" time="5.000" errors="0" timestamp="2024-09-10T18:11:26 IST" skipped="0">
  <testcase classname="practice.post_request_types.PostRequestViaJsonFile" name="postDataToServerTest" time="5.000"/>
  <system-out/>
</testsuite> <!-- practice.post_request_types.PostRequestViaJsonFile -->
