<?xml version="1.0" encoding="UTF-8"?>
<!-- Generated by org.testng.reporters.JUnitReportReporter -->
<testsuite hostname="Rohit" failures="0" tests="1" name="com.sample.crud.withoutbdd.SampleTestForReadTest" time="5.589" errors="0" timestamp="2024-09-06T16:11:49 IST" skipped="0">
  <testcase classname="com.sample.crud.withoutbdd.SampleTestForReadTest" name="getDataFromServer" time="5.589"/>
  <system-out/>
</testsuite> <!-- com.sample.crud.withoutbdd.SampleTestForReadTest -->
