<?xml version="1.0" encoding="UTF-8"?>
<!-- Generated by org.testng.reporters.JUnitReportReporter -->
<testsuite hostname="Rohit" failures="0" tests="1" name="practice.VerifyResponseHeaderTest" time="5.450" errors="0" timestamp="2024-09-11T11:20:34 IST" skipped="0">
  <testcase classname="practice.VerifyResponseHeaderTest" name="verifyHeaderTest" time="5.450"/>
  <system-out/>
</testsuite> <!-- practice.VerifyResponseHeaderTest -->
