<?xml version="1.0" encoding="UTF-8"?>
<!-- Generated by org.testng.reporters.JUnitReportReporter -->
<testsuite hostname="Rohit" failures="0" tests="1" name="cookies.GetAllCookiesInResponse" time="7.962" errors="0" timestamp="2024-09-24T15:00:34 IST" skipped="0">
  <testcase classname="cookies.GetAllCookiesInResponse" name="getAllCookies" time="7.962"/>
  <system-out/>
</testsuite> <!-- cookies.GetAllCookiesInResponse -->
