<?xml version="1.0" encoding="UTF-8"?>
<!-- Generated by org.testng.reporters.JUnitReportReporter -->
<testsuite hostname="Rohit" failures="0" tests="1" name="auth_test.Auth2_0_Test" time="7.422" errors="0" timestamp="2024-09-19T22:58:06 IST" skipped="0">
  <testcase classname="auth_test.Auth2_0_Test" name="sampleTest" time="7.422"/>
  <system-out/>
</testsuite> <!-- auth_test.Auth2_0_Test -->
