<?xml version="1.0" encoding="UTF-8"?>
<!-- Generated by org.testng.reporters.JUnitReportReporter -->
<testsuite hostname="Rohit" failures="0" tests="1" name="miscellaneous_topics.GraphQLApiTest" time="4.148" errors="0" timestamp="2024-10-01T16:18:02 IST" skipped="0">
  <testcase classname="miscellaneous_topics.GraphQLApiTest" name="updateProjectTest" time="4.148"/>
  <system-out/>
</testsuite> <!-- miscellaneous_topics.GraphQLApiTest -->
